<?xml version="1.0" encoding="UTF-8"?>
<!-- Generated by org.testng.reporters.JUnitReportReporter -->
<testsuite hostname="MAA-5CG0263VVX" failures="0" tests="1" name="EX97_115a_StreamJava2" time="0.015" errors="0" timestamp="2022-06-12T22:28:41 IST" skipped="0">
  <testcase classname="EX97_115a_StreamJava2" name="stream" time="0.015"/>
  <system-out/>
</testsuite> <!-- EX97_115a_StreamJava2 -->
