<?xml version="1.0" encoding="UTF-8"?>
<!-- Generated by org.testng.reporters.JUnitReportReporter -->
<testsuite hostname="MAA-5CG0263VVX" failures="0" tests="3" name="EX97_115_Stream1" time="0.025" errors="0" timestamp="2022-06-12T22:13:59 IST" skipped="0">
  <testcase classname="EX97_115_Stream1" name="StreamCollect" time="0.002"/>
  <system-out/>
  <testcase classname="EX97_115_Stream1" name="Stream" time="0.017"/>
  <system-out/>
  <testcase classname="EX97_115_Stream1" name="StreamMap" time="0.006"/>
  <system-out/>
</testsuite> <!-- EX97_115_Stream1 -->
